<?xml version="1.0" encoding="UTF-8"?>
<!-- Generated by org.testng.reporters.JUnitReportReporter -->
<testsuite skipped="0" hostname="tolga-guducu" name="com.trendyol.hooks.runner" tests="3" failures="0" timestamp="2022-05-09T22:03:33 EET" time="100.192" errors="0">
  <testcase name="runScenario" time="33.855" classname="com.trendyol.hooks.runner"/>
  <system-out/>
  <testcase name="runScenario" time="34.426" classname="com.trendyol.hooks.runner"/>
  <system-out/>
  <testcase name="runScenario" time="31.911" classname="com.trendyol.hooks.runner"/>
  <system-out/>
</testsuite> <!-- com.trendyol.hooks.runner -->
